<?xml version="1.0" encoding="UTF-8"?>
<testsuite xmlns:xsi="http://www.w3.org/2001/XMLSchema-instance" xsi:noNamespaceSchemaLocation="https://maven.apache.org/surefire/maven-surefire-plugin/xsd/surefire-test-report.xsd" name="guru.springframework.sfgpetclinic.controllers.OwnerControllerTest" time="1.158" tests="8" errors="0" skipped="0" failures="1">
  <properties>
[...]
</properties>
  <testcase name="processUpdateOwnerForm" classname="guru.springframework.sfgpetclinic.controllers.OwnerControllerTest" time="1.033"/>
  <testcase name="findOwners" classname="guru.springframework.sfgpetclinic.controllers.OwnerControllerTest" time="0.017"/>
  <testcase name="processFindFormReturnOne" classname="guru.springframework.sfgpetclinic.controllers.OwnerControllerTest" time="0.018"/>
  <testcase name="initUpdateOwnerForm" classname="guru.springframework.sfgpetclinic.controllers.OwnerControllerTest" time="0.027">
    <failure message="&#10;No interactions wanted here:&#10;-&gt; at guru.springframework.sfgpetclinic.controllers.OwnerControllerTest.initUpdateOwnerForm(OwnerControllerTest.java:123)&#10;But found these interactions on mock &apos;ownerService&apos;:&#10;-&gt; at guru.springframework.sfgpetclinic.controllers.OwnerController.initUpdateOwnerForm(OwnerController.java:87)&#10;Actually, above is the only interaction with this mock." type="org.mockito.exceptions.verification.NoInteractionsWanted">org.mockito.exceptions.verification.NoInteractionsWanted: 

No interactions wanted here:
-> at guru.springframework.sfgpetclinic.controllers.OwnerControllerTest.initUpdateOwnerForm(OwnerControllerTest.java:123)
But found these interactions on mock 'ownerService':
-> at guru.springframework.sfgpetclinic.controllers.OwnerController.initUpdateOwnerForm(OwnerController.java:87)
Actually, above is the only interaction with this mock.
	at guru.springframework.sfgpetclinic.controllers.OwnerControllerTest.initUpdateOwnerForm(OwnerControllerTest.java:123)
</failure>
    <system-out><![CDATA[15:44:48.903 [main] DEBUG org.hibernate.validator.messageinterpolation.ResourceBundleMessageInterpolator - Loaded expression factory via original TCCL
15:44:48.903 [main] DEBUG org.hibernate.validator.internal.engine.AbstractConfigurationImpl - Setting custom MessageInterpolator of type org.springframework.validation.beanvalidation.LocaleContextMessageInterpolator
15:44:48.904 [main] DEBUG org.hibernate.validator.internal.engine.AbstractConfigurationImpl - Setting custom ParameterNameProvider of type org.springframework.validation.beanvalidation.LocalValidatorFactoryBean$1
15:44:48.904 [main] DEBUG org.hibernate.validator.internal.xml.config.ValidationXmlParser - Trying to load META-INF/validation.xml for XML based Validator configuration.
15:44:48.904 [main] DEBUG org.hibernate.validator.internal.xml.config.ResourceLoaderHelper - Trying to load META-INF/validation.xml via TCCL
15:44:48.904 [main] DEBUG org.hibernate.validator.internal.xml.config.ResourceLoaderHelper - Trying to load META-INF/validation.xml via Hibernate Validator's class loader
15:44:48.905 [main] DEBUG org.hibernate.validator.internal.xml.config.ValidationXmlParser - No META-INF/validation.xml found. Using annotation based configuration only.
15:44:48.905 [main] DEBUG org.hibernate.validator.internal.engine.resolver.TraversableResolvers - Found javax.persistence.Persistence on classpath containing 'getPersistenceUtil'. Assuming JPA 2 environment. Trying to instantiate JPA aware TraversableResolver
15:44:48.905 [main] DEBUG org.hibernate.validator.internal.engine.resolver.TraversableResolvers - Instantiated JPA aware TraversableResolver of type org.hibernate.validator.internal.engine.resolver.JPATraversableResolver.
15:44:48.906 [main] DEBUG org.hibernate.validator.internal.engine.ValidatorFactoryConfigurationHelper - HV000252: Using org.hibernate.validator.internal.engine.DefaultPropertyNodeNameProvider as property node name provider.
15:44:48.906 [main] DEBUG org.hibernate.validator.internal.engine.ValidatorFactoryConfigurationHelper - HV000234: Using org.springframework.validation.beanvalidation.LocaleContextMessageInterpolator as ValidatorFactory-scoped message interpolator.
15:44:48.906 [main] DEBUG org.hibernate.validator.internal.engine.ValidatorFactoryConfigurationHelper - HV000234: Using org.hibernate.validator.internal.engine.resolver.JPATraversableResolver as ValidatorFactory-scoped traversable resolver.
15:44:48.906 [main] DEBUG org.hibernate.validator.internal.engine.ValidatorFactoryConfigurationHelper - HV000234: Using org.hibernate.validator.internal.util.ExecutableParameterNameProvider as ValidatorFactory-scoped parameter name provider.
15:44:48.906 [main] DEBUG org.hibernate.validator.internal.engine.ValidatorFactoryConfigurationHelper - HV000234: Using org.hibernate.validator.internal.engine.DefaultClockProvider as ValidatorFactory-scoped clock provider.
15:44:48.906 [main] DEBUG org.hibernate.validator.internal.engine.ValidatorFactoryConfigurationHelper - HV000234: Using org.hibernate.validator.internal.engine.scripting.DefaultScriptEvaluatorFactory as ValidatorFactory-scoped script evaluator factory.
15:44:48.910 [main] DEBUG _org.springframework.web.servlet.HandlerMapping.Mappings - 
	g.s.s.c.OwnerController:
	{GET [/owners/new]}: initCreationForm(Model)
	{ [/owners/find]}: findOwners(Model)
	{GET [/owners/{ownerId}/edit]}: initUpdateOwnerForm(Long,Model)
	{POST [/owners/{ownerId}/edit]}: processUpdateOwnerForm(Owner,BindingResult,Long)
	{POST [/owners/new]}: processCreationForm(Owner,BindingResult)
	{GET [/owners/{ownerId}]}: showOwner(Long)
	{GET [/owners]}: processFindForm(Owner,BindingResult,Model)
15:44:48.911 [main] DEBUG org.springframework.web.servlet.mvc.method.annotation.RequestMappingHandlerMapping - 7 mappings in org.springframework.web.servlet.mvc.method.annotation.RequestMappingHandlerMapping
15:44:48.914 [main] DEBUG org.springframework.web.servlet.mvc.method.annotation.RequestMappingHandlerAdapter - ControllerAdvice beans: 0 @ModelAttribute, 0 @InitBinder, 1 RequestBodyAdvice, 1 ResponseBodyAdvice
15:44:48.916 [main] DEBUG org.springframework.web.servlet.mvc.method.annotation.ExceptionHandlerExceptionResolver - ControllerAdvice beans: 0 @ExceptionHandler, 1 ResponseBodyAdvice
15:44:48.916 [main] INFO org.springframework.mock.web.MockServletContext - Initializing Spring TestDispatcherServlet ''
15:44:48.916 [main] INFO org.springframework.test.web.servlet.TestDispatcherServlet - Initializing Servlet ''
15:44:48.916 [main] DEBUG org.springframework.test.web.servlet.TestDispatcherServlet - Detected AcceptHeaderLocaleResolver
15:44:48.916 [main] DEBUG org.springframework.test.web.servlet.TestDispatcherServlet - Detected FixedThemeResolver
15:44:48.916 [main] DEBUG org.springframework.test.web.servlet.TestDispatcherServlet - Detected org.springframework.web.servlet.view.DefaultRequestToViewNameTranslator@5489b1f7
15:44:48.916 [main] DEBUG org.springframework.test.web.servlet.TestDispatcherServlet - Detected org.springframework.web.servlet.support.SessionFlashMapManager@4faf104
15:44:48.916 [main] DEBUG org.springframework.test.web.servlet.TestDispatcherServlet - enableLoggingRequestDetails='false': request parameters and headers will be masked to prevent unsafe logging of potentially sensitive data
15:44:48.916 [main] INFO org.springframework.test.web.servlet.TestDispatcherServlet - Completed initialization in 0 ms
15:44:48.917 [main] DEBUG org.springframework.test.web.servlet.TestDispatcherServlet - GET "/owners/1/edit", parameters={}
15:44:48.917 [main] DEBUG org.springframework.web.servlet.mvc.method.annotation.RequestMappingHandlerMapping - Mapped to guru.springframework.sfgpetclinic.controllers.OwnerController#initUpdateOwnerForm(Long, Model)
15:44:48.918 [main] DEBUG org.springframework.web.servlet.view.InternalResourceView - View [InternalResourceView], model {owner=guru.springframework.sfgpetclinic.models.Owner@5995851e, org.springframework.validation.BindingResult.owner=org.springframework.validation.BeanPropertyBindingResult: 0 errors}
15:44:48.918 [main] DEBUG org.springframework.web.servlet.view.InternalResourceView - Forwarding to [owners/createOrUpdateOwnerForm]
15:44:48.918 [main] DEBUG org.springframework.mock.web.MockRequestDispatcher - MockRequestDispatcher: forwarding to [owners/createOrUpdateOwnerForm]
15:44:48.918 [main] DEBUG org.springframework.test.web.servlet.TestDispatcherServlet - Completed 200 OK
]]></system-out>
  </testcase>
  <testcase name="processCreationForm" classname="guru.springframework.sfgpetclinic.controllers.OwnerControllerTest" time="0.017"/>
  <testcase name="initCreationForm" classname="guru.springframework.sfgpetclinic.controllers.OwnerControllerTest" time="0.011"/>
  <testcase name="processFindFormReturnMany" classname="guru.springframework.sfgpetclinic.controllers.OwnerControllerTest" time="0.014"/>
  <testcase name="displayOwner" classname="guru.springframework.sfgpetclinic.controllers.OwnerControllerTest" time="0.012"/>
</testsuite>